17-11-2025 15:12:08,10 
[INFO] Scanning for projects...
[INFO] 
[INFO] ------------< com.orquestador:orquestador-automatizaciones >------------
[INFO] Building Orquestador de Automatizaciones BCI 1.0-SNAPSHOT
[INFO]   from pom.xml
[INFO] --------------------------------[ jar ]---------------------------------
[WARNING] 6 problems were encountered while building the effective model for org.openjfx:javafx-controls:jar:21.0.2 during dependency collection step for project (use -X to see details)
[INFO] 
[INFO] --- clean:3.2.0:clean (default-clean) @ orquestador-automatizaciones ---
[INFO] Deleting C:\Users\IARC\Desktop\OrquestadorYGeneradorReportes\target
[INFO] 
[INFO] --- resources:3.3.1:resources (default-resources) @ orquestador-automatizaciones ---
[INFO] Copying 0 resource from src\main\resources to target\classes
[INFO] 
[INFO] --- compiler:3.11.0:compile (default-compile) @ orquestador-automatizaciones ---
[INFO] Changes detected - recompiling the module! :source
[INFO] Compiling 10 source files with javac [debug target 16] to target\classes
[WARNING] system modules path not set in conjunction with -source 16
[INFO] /C:/Users/IARC/Desktop/OrquestadorYGeneradorReportes/src/main/java/com/orquestador/servicio/GeneradorDocumentos.java: C:\Users\IARC\Desktop\OrquestadorYGeneradorReportes\src\main\java\com\orquestador\servicio\GeneradorDocumentos.java uses unchecked or unsafe operations.
[INFO] /C:/Users/IARC/Desktop/OrquestadorYGeneradorReportes/src/main/java/com/orquestador/servicio/GeneradorDocumentos.java: Recompile with -Xlint:unchecked for details.
[INFO] ------------------------------------------------------------------------
[INFO] BUILD SUCCESS
[INFO] ------------------------------------------------------------------------
[INFO] Total time:  2.554 s
[INFO] Finished at: 2025-11-17T15:12:12-03:00
[INFO] ------------------------------------------------------------------------
